<?xml version="1.0" encoding="UTF-8"?>
<testng-results ignored="0" total="2" passed="2" failed="0" skipped="0">
  <reporter-output>
  </reporter-output>
  <suite started-at="2022-12-15T15:49:19 PST" name="Default suite" finished-at="2022-12-15T15:50:33 PST" duration-ms="74350">
    <groups>
    </groups>
    <test started-at="2022-12-15T15:49:19 PST" name="Default test" finished-at="2022-12-15T15:50:33 PST" duration-ms="74350">
      <class name="reports.ExtentReport">
        <test-method is-config="true" signature="beforeTest()[pri:0, instance:reports.ExtentReport@5876a9af]" started-at="2022-12-15T15:49:19 PST" name="beforeTest" finished-at="2022-12-15T15:49:47 PST" duration-ms="28461" status="PASS">
          <reporter-output>
          </reporter-output>
        </test-method> <!-- beforeTest -->
        <test-method signature="Login()[pri:0, instance:reports.ExtentReport@5876a9af]" started-at="2022-12-15T15:49:47 PST" name="Login" finished-at="2022-12-15T15:50:19 PST" duration-ms="31528" status="PASS">
          <reporter-output>
          </reporter-output>
        </test-method> <!-- Login -->
        <test-method signature="logout()[pri:0, instance:reports.ExtentReport@5876a9af]" started-at="2022-12-15T15:50:19 PST" name="logout" finished-at="2022-12-15T15:50:33 PST" depends-on-methods="reports.ExtentReport.Login" duration-ms="14170" status="PASS">
          <reporter-output>
          </reporter-output>
        </test-method> <!-- logout -->
      </class> <!-- reports.ExtentReport -->
    </test> <!-- Default test -->
  </suite> <!-- Default suite -->
</testng-results>
