<?xml version="1.0" encoding="UTF-8"?>
<testng-results ignored="0" total="1" passed="1" failed="0" skipped="0">
  <reporter-output>
  </reporter-output>
  <suite started-at="2023-01-04T11:20:30 PST" name="Default suite" finished-at="2023-01-04T11:23:01 PST" duration-ms="151009">
    <groups>
      <group name="cucumber">
        <method signature="AbstractTestNGCucumberTests.runScenario(io.cucumber.testng.PickleWrapper, io.cucumber.testng.FeatureWrapper)[pri:0, instance:Runner.Test_Runner@61230f6a]" name="runScenario" class="io.cucumber.testng.AbstractTestNGCucumberTests"/>
      </group> <!-- cucumber -->
    </groups>
    <test started-at="2023-01-04T11:20:30 PST" name="Default test" finished-at="2023-01-04T11:23:01 PST" duration-ms="151009">
      <class name="Runner.Test_Runner">
        <test-method is-config="true" signature="setUpClass(org.testng.ITestContext)[pri:0, instance:Runner.Test_Runner@61230f6a]" started-at="2023-01-04T11:20:30 PST" name="setUpClass" finished-at="2023-01-04T11:20:30 PST" duration-ms="370" status="PASS">
          <params>
            <param index="0">
              <value>
                <![CDATA[org.testng.TestRunner@64b7225f]]>
              </value>
            </param>
          </params>
          <reporter-output>
          </reporter-output>
        </test-method> <!-- setUpClass -->
        <test-method signature="runScenario(io.cucumber.testng.PickleWrapper, io.cucumber.testng.FeatureWrapper)[pri:0, instance:Runner.Test_Runner@61230f6a]" started-at="2023-01-04T11:20:30 PST" name="runScenario" description="Runs Cucumber Scenarios" data-provider="scenarios" finished-at="2023-01-04T11:23:01 PST" duration-ms="150290" status="PASS">
          <params>
            <param index="0">
              <value>
                <![CDATA["To test the login page of OrangeHRM"]]>
              </value>
            </param>
            <param index="1">
              <value>
                <![CDATA["Testing Orange HRM"]]>
              </value>
            </param>
          </params>
          <reporter-output>
          </reporter-output>
        </test-method> <!-- runScenario -->
        <test-method is-config="true" signature="tearDownClass()[pri:0, instance:Runner.Test_Runner@61230f6a]" started-at="2023-01-04T11:23:01 PST" name="tearDownClass" finished-at="2023-01-04T11:23:01 PST" duration-ms="142" status="PASS">
          <reporter-output>
          </reporter-output>
        </test-method> <!-- tearDownClass -->
      </class> <!-- Runner.Test_Runner -->
    </test> <!-- Default test -->
  </suite> <!-- Default suite -->
</testng-results>
